build/outputs/logs/manifest-merger-debug-report.txt
-- Merging decision tree log ---
manifest
ADDED from AndroidStudioProjects\AwsTizenIoTCamera\AndroidManifest.xml:2:1-46:12
INJECTED from AndroidStudioProjects\AwsTizenIoTCamera\AndroidManifest.xml:2:1-46:12
INJECTED from AndroidStudioProjects\AwsTizenIoTCamera\AndroidManifest.xml:2:1-46:12
INJECTED from AndroidStudioProjects\AwsTizenIoTCamera\AndroidManifest.xml:2:1-46:12
INJECTED from AndroidStudioProjects\AwsTizenIoTCamera\AndroidManifest.xml:2:1-46:12
	package
		ADDED from AndroidStudioProjects\AwsTizenIoTCamera\AndroidManifest.xml:3:5-47
	android:versionName
		ADDED from AndroidStudioProjects\AwsTizenIoTCamera\AndroidManifest.xml:5:5-30
		INJECTED from AndroidStudioProjects\AwsTizenIoTCamera\AndroidManifest.xml
		INJECTED from AndroidStudioProjects\AwsTizenIoTCamera\AndroidManifest.xml
	xmlns:android
		ADDED from AndroidStudioProjects\AwsTizenIoTCamera\AndroidManifest.xml:2:11-69
	android:versionCode
		ADDED from AndroidStudioProjects\AwsTizenIoTCamera\AndroidManifest.xml:4:5-28
		INJECTED from AndroidStudioProjects\AwsTizenIoTCamera\AndroidManifest.xml
		INJECTED from AndroidStudioProjects\AwsTizenIoTCamera\AndroidManifest.xml
uses-sdk
ADDED from AndroidStudioProjects\AwsTizenIoTCamera\AndroidManifest.xml:7:5-9:41
INJECTED from AndroidStudioProjects\AwsTizenIoTCamera\AndroidManifest.xml:7:5-9:41
INJECTED from AndroidStudioProjects\AwsTizenIoTCamera\AndroidManifest.xml:7:5-9:41
INJECTED from AndroidStudioProjects\AwsTizenIoTCamera\AndroidManifest.xml:7:5-9:41
INJECTED from AndroidStudioProjects\AwsTizenIoTCamera\AndroidManifest.xml:7:5-9:41
	android:targetSdkVersion
		ADDED from AndroidStudioProjects\AwsTizenIoTCamera\AndroidManifest.xml:9:9-38
		INJECTED from AndroidStudioProjects\AwsTizenIoTCamera\AndroidManifest.xml
		INJECTED from AndroidStudioProjects\AwsTizenIoTCamera\AndroidManifest.xml
	android:minSdkVersion
		ADDED from AndroidStudioProjects\AwsTizenIoTCamera\AndroidManifest.xml:8:9-35
		INJECTED from AndroidStudioProjects\AwsTizenIoTCamera\AndroidManifest.xml
		INJECTED from AndroidStudioProjects\AwsTizenIoTCamera\AndroidManifest.xml
uses-permission#android.permission.INTERNET
ADDED from AndroidStudioProjects\AwsTizenIoTCamera\AndroidManifest.xml:11:5-67
	android:name
		ADDED from AndroidStudioProjects\AwsTizenIoTCamera\AndroidManifest.xml:11:22-64
uses-permission#android.permission.ACCESS_NETWORK_STATE
ADDED from AndroidStudioProjects\AwsTizenIoTCamera\AndroidManifest.xml:12:5-79
	android:name
		ADDED from AndroidStudioProjects\AwsTizenIoTCamera\AndroidManifest.xml:12:22-76
uses-permission#android.permission.READ_EXTERNAL_STORAGE
ADDED from AndroidStudioProjects\AwsTizenIoTCamera\AndroidManifest.xml:14:5-80
	android:name
		ADDED from AndroidStudioProjects\AwsTizenIoTCamera\AndroidManifest.xml:14:22-77
uses-permission#android.permission.WRITE_EXTERNAL_STORAGE
ADDED from AndroidStudioProjects\AwsTizenIoTCamera\AndroidManifest.xml:15:5-81
	android:name
		ADDED from AndroidStudioProjects\AwsTizenIoTCamera\AndroidManifest.xml:15:22-78
application
ADDED from AndroidStudioProjects\AwsTizenIoTCamera\AndroidManifest.xml:17:5-44:19
	android:label
		ADDED from AndroidStudioProjects\AwsTizenIoTCamera\AndroidManifest.xml:20:9-41
	android:icon
		ADDED from AndroidStudioProjects\AwsTizenIoTCamera\AndroidManifest.xml:19:9-45
	android:allowBackup
		ADDED from AndroidStudioProjects\AwsTizenIoTCamera\AndroidManifest.xml:18:9-35
activity#com.amazonaws.demo.androidpubsub.PubSubActivity
ADDED from AndroidStudioProjects\AwsTizenIoTCamera\AndroidManifest.xml:21:9-27:20
	android:name
		ADDED from AndroidStudioProjects\AwsTizenIoTCamera\AndroidManifest.xml:21:19-81
intent-filter#android.intent.action.MAIN+android.intent.category.LAUNCHER
ADDED from AndroidStudioProjects\AwsTizenIoTCamera\AndroidManifest.xml:22:13-26:29
action#android.intent.action.MAIN
ADDED from AndroidStudioProjects\AwsTizenIoTCamera\AndroidManifest.xml:23:17-69
	android:name
		ADDED from AndroidStudioProjects\AwsTizenIoTCamera\AndroidManifest.xml:23:25-66
category#android.intent.category.LAUNCHER
ADDED from AndroidStudioProjects\AwsTizenIoTCamera\AndroidManifest.xml:25:17-77
	android:name
		ADDED from AndroidStudioProjects\AwsTizenIoTCamera\AndroidManifest.xml:25:27-74
activity#com.amazonaws.demo.androidpubsub.DownloadActivity
ADDED from AndroidStudioProjects\AwsTizenIoTCamera\AndroidManifest.xml:28:9-30:57
	android:label
		ADDED from AndroidStudioProjects\AwsTizenIoTCamera\AndroidManifest.xml:30:13-54
	android:name
		ADDED from AndroidStudioProjects\AwsTizenIoTCamera\AndroidManifest.xml:29:13-77
activity#com.amazonaws.demo.androidpubsub.DownloadSelectionActivity
ADDED from AndroidStudioProjects\AwsTizenIoTCamera\AndroidManifest.xml:31:9-33:67
	android:label
		ADDED from AndroidStudioProjects\AwsTizenIoTCamera\AndroidManifest.xml:33:13-64
	android:name
		ADDED from AndroidStudioProjects\AwsTizenIoTCamera\AndroidManifest.xml:32:13-86
activity#com.amazonaws.demo.androidpubsub.ImageViewActivity
ADDED from AndroidStudioProjects\AwsTizenIoTCamera\AndroidManifest.xml:34:9-36:58
	android:label
		ADDED from AndroidStudioProjects\AwsTizenIoTCamera\AndroidManifest.xml:36:13-55
	android:name
		ADDED from AndroidStudioProjects\AwsTizenIoTCamera\AndroidManifest.xml:35:13-78
service#com.amazonaws.mobileconnectors.s3.transferutility.TransferService
ADDED from AndroidStudioProjects\AwsTizenIoTCamera\AndroidManifest.xml:38:9-40:38
	android:enabled
		ADDED from AndroidStudioProjects\AwsTizenIoTCamera\AndroidManifest.xml:40:13-35
	android:name
		ADDED from AndroidStudioProjects\AwsTizenIoTCamera\AndroidManifest.xml:39:13-93
service#com.amazonaws.demo.androidpubsub.MyService
ADDED from AndroidStudioProjects\AwsTizenIoTCamera\AndroidManifest.xml:41:9-43:38
	android:enabled
		ADDED from AndroidStudioProjects\AwsTizenIoTCamera\AndroidManifest.xml:43:13-35
	android:name
		ADDED from AndroidStudioProjects\AwsTizenIoTCamera\AndroidManifest.xml:42:13-38